<?xml version="1.0" encoding="UTF-8"?>
<testsuite xmlns:xsi="http://www.w3.org/2001/XMLSchema-instance" xsi:noNamespaceSchemaLocation="https://maven.apache.org/surefire/maven-surefire-plugin/xsd/surefire-test-report.xsd" name="com.petsparadise.PetsParadiseBackendApplicationTests" time="4.518" tests="1" errors="0" skipped="0" failures="0">
  <properties>
    <property name="gopherProxySet" value="false"/>
    <property name="awt.toolkit" value="sun.lwawt.macosx.LWCToolkit"/>
    <property name="java.specification.version" value="11"/>
    <property name="sun.cpu.isalist" value=""/>
    <property name="sun.jnu.encoding" value="UTF-8"/>
    <property name="java.class.path" value="/Users/sunerasunilaka/NetBeansProjects/Pets paradise backend/target/test-classes:/Users/sunerasunilaka/NetBeansProjects/Pets paradise backend/target/classes:/Users/sunerasunilaka/.m2/repository/org/springframework/boot/spring-boot-starter-web/2.6.1/spring-boot-starter-web-2.6.1.jar:/Users/sunerasunilaka/.m2/repository/org/springframework/boot/spring-boot-starter/2.6.1/spring-boot-starter-2.6.1.jar:/Users/sunerasunilaka/.m2/repository/org/springframework/boot/spring-boot-starter-logging/2.6.1/spring-boot-starter-logging-2.6.1.jar:/Users/sunerasunilaka/.m2/repository/ch/qos/logback/logback-classic/1.2.7/logback-classic-1.2.7.jar:/Users/sunerasunilaka/.m2/repository/ch/qos/logback/logback-core/1.2.7/logback-core-1.2.7.jar:/Users/sunerasunilaka/.m2/repository/org/apache/logging/log4j/log4j-to-slf4j/2.14.1/log4j-to-slf4j-2.14.1.jar:/Users/sunerasunilaka/.m2/repository/org/apache/logging/log4j/log4j-api/2.14.1/log4j-api-2.14.1.jar:/Users/sunerasunilaka/.m2/repository/org/slf4j/jul-to-slf4j/1.7.32/jul-to-slf4j-1.7.32.jar:/Users/sunerasunilaka/.m2/repository/jakarta/annotation/jakarta.annotation-api/1.3.5/jakarta.annotation-api-1.3.5.jar:/Users/sunerasunilaka/.m2/repository/org/yaml/snakeyaml/1.29/snakeyaml-1.29.jar:/Users/sunerasunilaka/.m2/repository/org/springframework/boot/spring-boot-starter-json/2.6.1/spring-boot-starter-json-2.6.1.jar:/Users/sunerasunilaka/.m2/repository/com/fasterxml/jackson/core/jackson-databind/2.13.0/jackson-databind-2.13.0.jar:/Users/sunerasunilaka/.m2/repository/com/fasterxml/jackson/core/jackson-annotations/2.13.0/jackson-annotations-2.13.0.jar:/Users/sunerasunilaka/.m2/repository/com/fasterxml/jackson/datatype/jackson-datatype-jdk8/2.13.0/jackson-datatype-jdk8-2.13.0.jar:/Users/sunerasunilaka/.m2/repository/com/fasterxml/jackson/datatype/jackson-datatype-jsr310/2.13.0/jackson-datatype-jsr310-2.13.0.jar:/Users/sunerasunilaka/.m2/repository/com/fasterxml/jackson/module/jackson-module-parameter-names/2.13.0/jackson-module-parameter-names-2.13.0.jar:/Users/sunerasunilaka/.m2/repository/org/springframework/boot/spring-boot-starter-tomcat/2.6.1/spring-boot-starter-tomcat-2.6.1.jar:/Users/sunerasunilaka/.m2/repository/org/apache/tomcat/embed/tomcat-embed-core/9.0.55/tomcat-embed-core-9.0.55.jar:/Users/sunerasunilaka/.m2/repository/org/apache/tomcat/embed/tomcat-embed-el/9.0.55/tomcat-embed-el-9.0.55.jar:/Users/sunerasunilaka/.m2/repository/org/apache/tomcat/embed/tomcat-embed-websocket/9.0.55/tomcat-embed-websocket-9.0.55.jar:/Users/sunerasunilaka/.m2/repository/org/springframework/spring-web/5.3.13/spring-web-5.3.13.jar:/Users/sunerasunilaka/.m2/repository/org/springframework/spring-beans/5.3.13/spring-beans-5.3.13.jar:/Users/sunerasunilaka/.m2/repository/org/springframework/spring-webmvc/5.3.13/spring-webmvc-5.3.13.jar:/Users/sunerasunilaka/.m2/repository/org/springframework/spring-aop/5.3.13/spring-aop-5.3.13.jar:/Users/sunerasunilaka/.m2/repository/org/springframework/spring-context/5.3.13/spring-context-5.3.13.jar:/Users/sunerasunilaka/.m2/repository/org/springframework/spring-expression/5.3.13/spring-expression-5.3.13.jar:/Users/sunerasunilaka/.m2/repository/org/springframework/boot/spring-boot-devtools/2.6.1/spring-boot-devtools-2.6.1.jar:/Users/sunerasunilaka/.m2/repository/org/springframework/boot/spring-boot/2.6.1/spring-boot-2.6.1.jar:/Users/sunerasunilaka/.m2/repository/org/springframework/boot/spring-boot-autoconfigure/2.6.1/spring-boot-autoconfigure-2.6.1.jar:/Users/sunerasunilaka/.m2/repository/org/springframework/boot/spring-boot-starter-test/2.6.1/spring-boot-starter-test-2.6.1.jar:/Users/sunerasunilaka/.m2/repository/org/springframework/boot/spring-boot-test/2.6.1/spring-boot-test-2.6.1.jar:/Users/sunerasunilaka/.m2/repository/org/springframework/boot/spring-boot-test-autoconfigure/2.6.1/spring-boot-test-autoconfigure-2.6.1.jar:/Users/sunerasunilaka/.m2/repository/com/jayway/jsonpath/json-path/2.6.0/json-path-2.6.0.jar:/Users/sunerasunilaka/.m2/repository/net/minidev/json-smart/2.4.7/json-smart-2.4.7.jar:/Users/sunerasunilaka/.m2/repository/net/minidev/accessors-smart/2.4.7/accessors-smart-2.4.7.jar:/Users/sunerasunilaka/.m2/repository/org/ow2/asm/asm/9.1/asm-9.1.jar:/Users/sunerasunilaka/.m2/repository/jakarta/xml/bind/jakarta.xml.bind-api/2.3.3/jakarta.xml.bind-api-2.3.3.jar:/Users/sunerasunilaka/.m2/repository/jakarta/activation/jakarta.activation-api/1.2.2/jakarta.activation-api-1.2.2.jar:/Users/sunerasunilaka/.m2/repository/org/assertj/assertj-core/3.21.0/assertj-core-3.21.0.jar:/Users/sunerasunilaka/.m2/repository/org/hamcrest/hamcrest/2.2/hamcrest-2.2.jar:/Users/sunerasunilaka/.m2/repository/org/junit/jupiter/junit-jupiter/5.8.1/junit-jupiter-5.8.1.jar:/Users/sunerasunilaka/.m2/repository/org/junit/jupiter/junit-jupiter-api/5.8.1/junit-jupiter-api-5.8.1.jar:/Users/sunerasunilaka/.m2/repository/org/opentest4j/opentest4j/1.2.0/opentest4j-1.2.0.jar:/Users/sunerasunilaka/.m2/repository/org/junit/platform/junit-platform-commons/1.8.1/junit-platform-commons-1.8.1.jar:/Users/sunerasunilaka/.m2/repository/org/apiguardian/apiguardian-api/1.1.2/apiguardian-api-1.1.2.jar:/Users/sunerasunilaka/.m2/repository/org/junit/jupiter/junit-jupiter-params/5.8.1/junit-jupiter-params-5.8.1.jar:/Users/sunerasunilaka/.m2/repository/org/junit/jupiter/junit-jupiter-engine/5.8.1/junit-jupiter-engine-5.8.1.jar:/Users/sunerasunilaka/.m2/repository/org/junit/platform/junit-platform-engine/1.8.1/junit-platform-engine-1.8.1.jar:/Users/sunerasunilaka/.m2/repository/org/mockito/mockito-core/4.0.0/mockito-core-4.0.0.jar:/Users/sunerasunilaka/.m2/repository/net/bytebuddy/byte-buddy/1.11.22/byte-buddy-1.11.22.jar:/Users/sunerasunilaka/.m2/repository/net/bytebuddy/byte-buddy-agent/1.11.22/byte-buddy-agent-1.11.22.jar:/Users/sunerasunilaka/.m2/repository/org/objenesis/objenesis/3.2/objenesis-3.2.jar:/Users/sunerasunilaka/.m2/repository/org/mockito/mockito-junit-jupiter/4.0.0/mockito-junit-jupiter-4.0.0.jar:/Users/sunerasunilaka/.m2/repository/org/skyscreamer/jsonassert/1.5.0/jsonassert-1.5.0.jar:/Users/sunerasunilaka/.m2/repository/com/vaadin/external/google/android-json/0.0.20131108.vaadin1/android-json-0.0.20131108.vaadin1.jar:/Users/sunerasunilaka/.m2/repository/org/springframework/spring-core/5.3.13/spring-core-5.3.13.jar:/Users/sunerasunilaka/.m2/repository/org/springframework/spring-jcl/5.3.13/spring-jcl-5.3.13.jar:/Users/sunerasunilaka/.m2/repository/org/springframework/spring-test/5.3.13/spring-test-5.3.13.jar:/Users/sunerasunilaka/.m2/repository/org/xmlunit/xmlunit-core/2.8.3/xmlunit-core-2.8.3.jar:/Users/sunerasunilaka/.m2/repository/com/google/firebase/firebase-admin/7.1.0/firebase-admin-7.1.0.jar:/Users/sunerasunilaka/.m2/repository/com/google/api-client/google-api-client/1.30.10/google-api-client-1.30.10.jar:/Users/sunerasunilaka/.m2/repository/com/google/oauth-client/google-oauth-client/1.31.0/google-oauth-client-1.31.0.jar:/Users/sunerasunilaka/.m2/repository/com/google/http-client/google-http-client-jackson2/1.36.0/google-http-client-jackson2-1.36.0.jar:/Users/sunerasunilaka/.m2/repository/com/google/api-client/google-api-client-gson/1.30.10/google-api-client-gson-1.30.10.jar:/Users/sunerasunilaka/.m2/repository/com/google/http-client/google-http-client-gson/1.36.0/google-http-client-gson-1.36.0.jar:/Users/sunerasunilaka/.m2/repository/com/google/http-client/google-http-client/1.35.0/google-http-client-1.35.0.jar:/Users/sunerasunilaka/.m2/repository/org/apache/httpcomponents/httpclient/4.5.13/httpclient-4.5.13.jar:/Users/sunerasunilaka/.m2/repository/org/apache/httpcomponents/httpcore/4.4.14/httpcore-4.4.14.jar:/Users/sunerasunilaka/.m2/repository/com/google/code/findbugs/jsr305/3.0.2/jsr305-3.0.2.jar:/Users/sunerasunilaka/.m2/repository/com/google/j2objc/j2objc-annotations/1.3/j2objc-annotations-1.3.jar:/Users/sunerasunilaka/.m2/repository/io/opencensus/opencensus-api/0.24.0/opencensus-api-0.24.0.jar:/Users/sunerasunilaka/.m2/repository/io/opencensus/opencensus-contrib-http-util/0.24.0/opencensus-contrib-http-util-0.24.0.jar:/Users/sunerasunilaka/.m2/repository/com/google/api/api-common/1.9.2/api-common-1.9.2.jar:/Users/sunerasunilaka/.m2/repository/javax/annotation/javax.annotation-api/1.3.2/javax.annotation-api-1.3.2.jar:/Users/sunerasunilaka/.m2/repository/com/google/auto/value/auto-value-annotations/1.7.2/auto-value-annotations-1.7.2.jar:/Users/sunerasunilaka/.m2/repository/com/google/auth/google-auth-library-oauth2-http/0.20.0/google-auth-library-oauth2-http-0.20.0.jar:/Users/sunerasunilaka/.m2/repository/com/google/auth/google-auth-library-credentials/0.20.0/google-auth-library-credentials-0.20.0.jar:/Users/sunerasunilaka/.m2/repository/com/google/cloud/google-cloud-storage/1.110.0/google-cloud-storage-1.110.0.jar:/Users/sunerasunilaka/.m2/repository/com/google/guava/failureaccess/1.0.1/failureaccess-1.0.1.jar:/Users/sunerasunilaka/.m2/repository/com/google/guava/listenablefuture/9999.0-empty-to-avoid-conflict-with-guava/listenablefuture-9999.0-empty-to-avoid-conflict-with-guava.jar:/Users/sunerasunilaka/.m2/repository/org/checkerframework/checker-compat-qual/2.5.5/checker-compat-qual-2.5.5.jar:/Users/sunerasunilaka/.m2/repository/com/google/errorprone/error_prone_annotations/2.3.4/error_prone_annotations-2.3.4.jar:/Users/sunerasunilaka/.m2/repository/com/fasterxml/jackson/core/jackson-core/2.13.0/jackson-core-2.13.0.jar:/Users/sunerasunilaka/.m2/repository/com/google/apis/google-api-services-storage/v1-rev20200430-1.30.9/google-api-services-storage-v1-rev20200430-1.30.9.jar:/Users/sunerasunilaka/.m2/repository/com/google/code/gson/gson/2.8.9/gson-2.8.9.jar:/Users/sunerasunilaka/.m2/repository/com/google/cloud/google-cloud-core/1.93.6/google-cloud-core-1.93.6.jar:/Users/sunerasunilaka/.m2/repository/com/google/api/grpc/proto-google-common-protos/1.18.0/proto-google-common-protos-1.18.0.jar:/Users/sunerasunilaka/.m2/repository/com/google/cloud/google-cloud-core-http/1.93.6/google-cloud-core-http-1.93.6.jar:/Users/sunerasunilaka/.m2/repository/com/google/http-client/google-http-client-appengine/1.35.0/google-http-client-appengine-1.35.0.jar:/Users/sunerasunilaka/.m2/repository/com/google/api/gax-httpjson/0.74.0/gax-httpjson-0.74.0.jar:/Users/sunerasunilaka/.m2/repository/com/google/api/gax/1.57.0/gax-1.57.0.jar:/Users/sunerasunilaka/.m2/repository/io/grpc/grpc-context/1.30.0/grpc-context-1.30.0.jar:/Users/sunerasunilaka/.m2/repository/com/google/api/grpc/proto-google-iam-v1/0.13.0/proto-google-iam-v1-0.13.0.jar:/Users/sunerasunilaka/.m2/repository/com/google/protobuf/protobuf-java/3.12.2/protobuf-java-3.12.2.jar:/Users/sunerasunilaka/.m2/repository/com/google/protobuf/protobuf-java-util/3.12.2/protobuf-java-util-3.12.2.jar:/Users/sunerasunilaka/.m2/repository/org/threeten/threetenbp/1.4.4/threetenbp-1.4.4.jar:/Users/sunerasunilaka/.m2/repository/com/google/cloud/google-cloud-firestore/1.35.0/google-cloud-firestore-1.35.0.jar:/Users/sunerasunilaka/.m2/repository/com/google/cloud/google-cloud-core-grpc/1.93.6/google-cloud-core-grpc-1.93.6.jar:/Users/sunerasunilaka/.m2/repository/io/grpc/grpc-core/1.30.0/grpc-core-1.30.0.jar:/Users/sunerasunilaka/.m2/repository/com/google/android/annotations/4.1.1.4/annotations-4.1.1.4.jar:/Users/sunerasunilaka/.m2/repository/io/perfmark/perfmark-api/0.19.0/perfmark-api-0.19.0.jar:/Users/sunerasunilaka/.m2/repository/commons-logging/commons-logging/1.2/commons-logging-1.2.jar:/Users/sunerasunilaka/.m2/repository/commons-codec/commons-codec/1.15/commons-codec-1.15.jar:/Users/sunerasunilaka/.m2/repository/com/google/api/grpc/proto-google-cloud-firestore-admin-v1/1.35.0/proto-google-cloud-firestore-admin-v1-1.35.0.jar:/Users/sunerasunilaka/.m2/repository/com/google/api/grpc/proto-google-cloud-firestore-v1/1.35.0/proto-google-cloud-firestore-v1-1.35.0.jar:/Users/sunerasunilaka/.m2/repository/com/google/api/grpc/proto-google-cloud-firestore-v1beta1/0.88.0/proto-google-cloud-firestore-v1beta1-0.88.0.jar:/Users/sunerasunilaka/.m2/repository/io/opencensus/opencensus-contrib-grpc-util/0.24.0/opencensus-contrib-grpc-util-0.24.0.jar:/Users/sunerasunilaka/.m2/repository/io/grpc/grpc-protobuf/1.30.0/grpc-protobuf-1.30.0.jar:/Users/sunerasunilaka/.m2/repository/io/grpc/grpc-protobuf-lite/1.30.0/grpc-protobuf-lite-1.30.0.jar:/Users/sunerasunilaka/.m2/repository/org/codehaus/mojo/animal-sniffer-annotations/1.18/animal-sniffer-annotations-1.18.jar:/Users/sunerasunilaka/.m2/repository/io/grpc/grpc-api/1.30.0/grpc-api-1.30.0.jar:/Users/sunerasunilaka/.m2/repository/com/google/api/gax-grpc/1.57.0/gax-grpc-1.57.0.jar:/Users/sunerasunilaka/.m2/repository/io/grpc/grpc-auth/1.30.0/grpc-auth-1.30.0.jar:/Users/sunerasunilaka/.m2/repository/io/grpc/grpc-netty-shaded/1.30.0/grpc-netty-shaded-1.30.0.jar:/Users/sunerasunilaka/.m2/repository/io/grpc/grpc-alts/1.30.0/grpc-alts-1.30.0.jar:/Users/sunerasunilaka/.m2/repository/io/grpc/grpc-grpclb/1.30.0/grpc-grpclb-1.30.0.jar:/Users/sunerasunilaka/.m2/repository/org/apache/commons/commons-lang3/3.12.0/commons-lang3-3.12.0.jar:/Users/sunerasunilaka/.m2/repository/org/conscrypt/conscrypt-openjdk-uber/2.2.1/conscrypt-openjdk-uber-2.2.1.jar:/Users/sunerasunilaka/.m2/repository/io/grpc/grpc-stub/1.30.0/grpc-stub-1.30.0.jar:/Users/sunerasunilaka/.m2/repository/com/google/guava/guava/29.0-android/guava-29.0-android.jar:/Users/sunerasunilaka/.m2/repository/org/slf4j/slf4j-api/1.7.32/slf4j-api-1.7.32.jar:/Users/sunerasunilaka/.m2/repository/io/netty/netty-codec-http/4.1.70.Final/netty-codec-http-4.1.70.Final.jar:/Users/sunerasunilaka/.m2/repository/io/netty/netty-common/4.1.70.Final/netty-common-4.1.70.Final.jar:/Users/sunerasunilaka/.m2/repository/io/netty/netty-buffer/4.1.70.Final/netty-buffer-4.1.70.Final.jar:/Users/sunerasunilaka/.m2/repository/io/netty/netty-codec/4.1.70.Final/netty-codec-4.1.70.Final.jar:/Users/sunerasunilaka/.m2/repository/io/netty/netty-handler/4.1.70.Final/netty-handler-4.1.70.Final.jar:/Users/sunerasunilaka/.m2/repository/io/netty/netty-resolver/4.1.70.Final/netty-resolver-4.1.70.Final.jar:/Users/sunerasunilaka/.m2/repository/io/netty/netty-transport/4.1.70.Final/netty-transport-4.1.70.Final.jar:"/>
    <property name="java.vm.vendor" value="Oracle Corporation"/>
    <property name="sun.arch.data.model" value="64"/>
    <property name="java.vendor.url" value="https://openjdk.java.net/"/>
    <property name="user.timezone" value=""/>
    <property name="java.vm.specification.version" value="11"/>
    <property name="os.name" value="Mac OS X"/>
    <property name="user.country" value="LK"/>
    <property name="sun.java.launcher" value="SUN_STANDARD"/>
    <property name="sun.boot.library.path" value="/Library/Java/JavaVirtualMachines/jdk-11.0.12.jdk/Contents/Home/lib"/>
    <property name="sun.java.command" value="/Users/sunerasunilaka/NetBeansProjects/Pets paradise backend/target/surefire/surefirebooter16067536000941316469.jar /Users/sunerasunilaka/NetBeansProjects/Pets paradise backend/target/surefire 2022-02-01T01-06-56_943-jvmRun1 surefire14670353579808049314tmp surefire_012122026663483466834tmp"/>
    <property name="http.nonProxyHosts" value="local|*.local|169.254/16|*.169.254/16"/>
    <property name="jdk.debug" value="release"/>
    <property name="surefire.test.class.path" value="/Users/sunerasunilaka/NetBeansProjects/Pets paradise backend/target/test-classes:/Users/sunerasunilaka/NetBeansProjects/Pets paradise backend/target/classes:/Users/sunerasunilaka/.m2/repository/org/springframework/boot/spring-boot-starter-web/2.6.1/spring-boot-starter-web-2.6.1.jar:/Users/sunerasunilaka/.m2/repository/org/springframework/boot/spring-boot-starter/2.6.1/spring-boot-starter-2.6.1.jar:/Users/sunerasunilaka/.m2/repository/org/springframework/boot/spring-boot-starter-logging/2.6.1/spring-boot-starter-logging-2.6.1.jar:/Users/sunerasunilaka/.m2/repository/ch/qos/logback/logback-classic/1.2.7/logback-classic-1.2.7.jar:/Users/sunerasunilaka/.m2/repository/ch/qos/logback/logback-core/1.2.7/logback-core-1.2.7.jar:/Users/sunerasunilaka/.m2/repository/org/apache/logging/log4j/log4j-to-slf4j/2.14.1/log4j-to-slf4j-2.14.1.jar:/Users/sunerasunilaka/.m2/repository/org/apache/logging/log4j/log4j-api/2.14.1/log4j-api-2.14.1.jar:/Users/sunerasunilaka/.m2/repository/org/slf4j/jul-to-slf4j/1.7.32/jul-to-slf4j-1.7.32.jar:/Users/sunerasunilaka/.m2/repository/jakarta/annotation/jakarta.annotation-api/1.3.5/jakarta.annotation-api-1.3.5.jar:/Users/sunerasunilaka/.m2/repository/org/yaml/snakeyaml/1.29/snakeyaml-1.29.jar:/Users/sunerasunilaka/.m2/repository/org/springframework/boot/spring-boot-starter-json/2.6.1/spring-boot-starter-json-2.6.1.jar:/Users/sunerasunilaka/.m2/repository/com/fasterxml/jackson/core/jackson-databind/2.13.0/jackson-databind-2.13.0.jar:/Users/sunerasunilaka/.m2/repository/com/fasterxml/jackson/core/jackson-annotations/2.13.0/jackson-annotations-2.13.0.jar:/Users/sunerasunilaka/.m2/repository/com/fasterxml/jackson/datatype/jackson-datatype-jdk8/2.13.0/jackson-datatype-jdk8-2.13.0.jar:/Users/sunerasunilaka/.m2/repository/com/fasterxml/jackson/datatype/jackson-datatype-jsr310/2.13.0/jackson-datatype-jsr310-2.13.0.jar:/Users/sunerasunilaka/.m2/repository/com/fasterxml/jackson/module/jackson-module-parameter-names/2.13.0/jackson-module-parameter-names-2.13.0.jar:/Users/sunerasunilaka/.m2/repository/org/springframework/boot/spring-boot-starter-tomcat/2.6.1/spring-boot-starter-tomcat-2.6.1.jar:/Users/sunerasunilaka/.m2/repository/org/apache/tomcat/embed/tomcat-embed-core/9.0.55/tomcat-embed-core-9.0.55.jar:/Users/sunerasunilaka/.m2/repository/org/apache/tomcat/embed/tomcat-embed-el/9.0.55/tomcat-embed-el-9.0.55.jar:/Users/sunerasunilaka/.m2/repository/org/apache/tomcat/embed/tomcat-embed-websocket/9.0.55/tomcat-embed-websocket-9.0.55.jar:/Users/sunerasunilaka/.m2/repository/org/springframework/spring-web/5.3.13/spring-web-5.3.13.jar:/Users/sunerasunilaka/.m2/repository/org/springframework/spring-beans/5.3.13/spring-beans-5.3.13.jar:/Users/sunerasunilaka/.m2/repository/org/springframework/spring-webmvc/5.3.13/spring-webmvc-5.3.13.jar:/Users/sunerasunilaka/.m2/repository/org/springframework/spring-aop/5.3.13/spring-aop-5.3.13.jar:/Users/sunerasunilaka/.m2/repository/org/springframework/spring-context/5.3.13/spring-context-5.3.13.jar:/Users/sunerasunilaka/.m2/repository/org/springframework/spring-expression/5.3.13/spring-expression-5.3.13.jar:/Users/sunerasunilaka/.m2/repository/org/springframework/boot/spring-boot-devtools/2.6.1/spring-boot-devtools-2.6.1.jar:/Users/sunerasunilaka/.m2/repository/org/springframework/boot/spring-boot/2.6.1/spring-boot-2.6.1.jar:/Users/sunerasunilaka/.m2/repository/org/springframework/boot/spring-boot-autoconfigure/2.6.1/spring-boot-autoconfigure-2.6.1.jar:/Users/sunerasunilaka/.m2/repository/org/springframework/boot/spring-boot-starter-test/2.6.1/spring-boot-starter-test-2.6.1.jar:/Users/sunerasunilaka/.m2/repository/org/springframework/boot/spring-boot-test/2.6.1/spring-boot-test-2.6.1.jar:/Users/sunerasunilaka/.m2/repository/org/springframework/boot/spring-boot-test-autoconfigure/2.6.1/spring-boot-test-autoconfigure-2.6.1.jar:/Users/sunerasunilaka/.m2/repository/com/jayway/jsonpath/json-path/2.6.0/json-path-2.6.0.jar:/Users/sunerasunilaka/.m2/repository/net/minidev/json-smart/2.4.7/json-smart-2.4.7.jar:/Users/sunerasunilaka/.m2/repository/net/minidev/accessors-smart/2.4.7/accessors-smart-2.4.7.jar:/Users/sunerasunilaka/.m2/repository/org/ow2/asm/asm/9.1/asm-9.1.jar:/Users/sunerasunilaka/.m2/repository/jakarta/xml/bind/jakarta.xml.bind-api/2.3.3/jakarta.xml.bind-api-2.3.3.jar:/Users/sunerasunilaka/.m2/repository/jakarta/activation/jakarta.activation-api/1.2.2/jakarta.activation-api-1.2.2.jar:/Users/sunerasunilaka/.m2/repository/org/assertj/assertj-core/3.21.0/assertj-core-3.21.0.jar:/Users/sunerasunilaka/.m2/repository/org/hamcrest/hamcrest/2.2/hamcrest-2.2.jar:/Users/sunerasunilaka/.m2/repository/org/junit/jupiter/junit-jupiter/5.8.1/junit-jupiter-5.8.1.jar:/Users/sunerasunilaka/.m2/repository/org/junit/jupiter/junit-jupiter-api/5.8.1/junit-jupiter-api-5.8.1.jar:/Users/sunerasunilaka/.m2/repository/org/opentest4j/opentest4j/1.2.0/opentest4j-1.2.0.jar:/Users/sunerasunilaka/.m2/repository/org/junit/platform/junit-platform-commons/1.8.1/junit-platform-commons-1.8.1.jar:/Users/sunerasunilaka/.m2/repository/org/apiguardian/apiguardian-api/1.1.2/apiguardian-api-1.1.2.jar:/Users/sunerasunilaka/.m2/repository/org/junit/jupiter/junit-jupiter-params/5.8.1/junit-jupiter-params-5.8.1.jar:/Users/sunerasunilaka/.m2/repository/org/junit/jupiter/junit-jupiter-engine/5.8.1/junit-jupiter-engine-5.8.1.jar:/Users/sunerasunilaka/.m2/repository/org/junit/platform/junit-platform-engine/1.8.1/junit-platform-engine-1.8.1.jar:/Users/sunerasunilaka/.m2/repository/org/mockito/mockito-core/4.0.0/mockito-core-4.0.0.jar:/Users/sunerasunilaka/.m2/repository/net/bytebuddy/byte-buddy/1.11.22/byte-buddy-1.11.22.jar:/Users/sunerasunilaka/.m2/repository/net/bytebuddy/byte-buddy-agent/1.11.22/byte-buddy-agent-1.11.22.jar:/Users/sunerasunilaka/.m2/repository/org/objenesis/objenesis/3.2/objenesis-3.2.jar:/Users/sunerasunilaka/.m2/repository/org/mockito/mockito-junit-jupiter/4.0.0/mockito-junit-jupiter-4.0.0.jar:/Users/sunerasunilaka/.m2/repository/org/skyscreamer/jsonassert/1.5.0/jsonassert-1.5.0.jar:/Users/sunerasunilaka/.m2/repository/com/vaadin/external/google/android-json/0.0.20131108.vaadin1/android-json-0.0.20131108.vaadin1.jar:/Users/sunerasunilaka/.m2/repository/org/springframework/spring-core/5.3.13/spring-core-5.3.13.jar:/Users/sunerasunilaka/.m2/repository/org/springframework/spring-jcl/5.3.13/spring-jcl-5.3.13.jar:/Users/sunerasunilaka/.m2/repository/org/springframework/spring-test/5.3.13/spring-test-5.3.13.jar:/Users/sunerasunilaka/.m2/repository/org/xmlunit/xmlunit-core/2.8.3/xmlunit-core-2.8.3.jar:/Users/sunerasunilaka/.m2/repository/com/google/firebase/firebase-admin/7.1.0/firebase-admin-7.1.0.jar:/Users/sunerasunilaka/.m2/repository/com/google/api-client/google-api-client/1.30.10/google-api-client-1.30.10.jar:/Users/sunerasunilaka/.m2/repository/com/google/oauth-client/google-oauth-client/1.31.0/google-oauth-client-1.31.0.jar:/Users/sunerasunilaka/.m2/repository/com/google/http-client/google-http-client-jackson2/1.36.0/google-http-client-jackson2-1.36.0.jar:/Users/sunerasunilaka/.m2/repository/com/google/api-client/google-api-client-gson/1.30.10/google-api-client-gson-1.30.10.jar:/Users/sunerasunilaka/.m2/repository/com/google/http-client/google-http-client-gson/1.36.0/google-http-client-gson-1.36.0.jar:/Users/sunerasunilaka/.m2/repository/com/google/http-client/google-http-client/1.35.0/google-http-client-1.35.0.jar:/Users/sunerasunilaka/.m2/repository/org/apache/httpcomponents/httpclient/4.5.13/httpclient-4.5.13.jar:/Users/sunerasunilaka/.m2/repository/org/apache/httpcomponents/httpcore/4.4.14/httpcore-4.4.14.jar:/Users/sunerasunilaka/.m2/repository/com/google/code/findbugs/jsr305/3.0.2/jsr305-3.0.2.jar:/Users/sunerasunilaka/.m2/repository/com/google/j2objc/j2objc-annotations/1.3/j2objc-annotations-1.3.jar:/Users/sunerasunilaka/.m2/repository/io/opencensus/opencensus-api/0.24.0/opencensus-api-0.24.0.jar:/Users/sunerasunilaka/.m2/repository/io/opencensus/opencensus-contrib-http-util/0.24.0/opencensus-contrib-http-util-0.24.0.jar:/Users/sunerasunilaka/.m2/repository/com/google/api/api-common/1.9.2/api-common-1.9.2.jar:/Users/sunerasunilaka/.m2/repository/javax/annotation/javax.annotation-api/1.3.2/javax.annotation-api-1.3.2.jar:/Users/sunerasunilaka/.m2/repository/com/google/auto/value/auto-value-annotations/1.7.2/auto-value-annotations-1.7.2.jar:/Users/sunerasunilaka/.m2/repository/com/google/auth/google-auth-library-oauth2-http/0.20.0/google-auth-library-oauth2-http-0.20.0.jar:/Users/sunerasunilaka/.m2/repository/com/google/auth/google-auth-library-credentials/0.20.0/google-auth-library-credentials-0.20.0.jar:/Users/sunerasunilaka/.m2/repository/com/google/cloud/google-cloud-storage/1.110.0/google-cloud-storage-1.110.0.jar:/Users/sunerasunilaka/.m2/repository/com/google/guava/failureaccess/1.0.1/failureaccess-1.0.1.jar:/Users/sunerasunilaka/.m2/repository/com/google/guava/listenablefuture/9999.0-empty-to-avoid-conflict-with-guava/listenablefuture-9999.0-empty-to-avoid-conflict-with-guava.jar:/Users/sunerasunilaka/.m2/repository/org/checkerframework/checker-compat-qual/2.5.5/checker-compat-qual-2.5.5.jar:/Users/sunerasunilaka/.m2/repository/com/google/errorprone/error_prone_annotations/2.3.4/error_prone_annotations-2.3.4.jar:/Users/sunerasunilaka/.m2/repository/com/fasterxml/jackson/core/jackson-core/2.13.0/jackson-core-2.13.0.jar:/Users/sunerasunilaka/.m2/repository/com/google/apis/google-api-services-storage/v1-rev20200430-1.30.9/google-api-services-storage-v1-rev20200430-1.30.9.jar:/Users/sunerasunilaka/.m2/repository/com/google/code/gson/gson/2.8.9/gson-2.8.9.jar:/Users/sunerasunilaka/.m2/repository/com/google/cloud/google-cloud-core/1.93.6/google-cloud-core-1.93.6.jar:/Users/sunerasunilaka/.m2/repository/com/google/api/grpc/proto-google-common-protos/1.18.0/proto-google-common-protos-1.18.0.jar:/Users/sunerasunilaka/.m2/repository/com/google/cloud/google-cloud-core-http/1.93.6/google-cloud-core-http-1.93.6.jar:/Users/sunerasunilaka/.m2/repository/com/google/http-client/google-http-client-appengine/1.35.0/google-http-client-appengine-1.35.0.jar:/Users/sunerasunilaka/.m2/repository/com/google/api/gax-httpjson/0.74.0/gax-httpjson-0.74.0.jar:/Users/sunerasunilaka/.m2/repository/com/google/api/gax/1.57.0/gax-1.57.0.jar:/Users/sunerasunilaka/.m2/repository/io/grpc/grpc-context/1.30.0/grpc-context-1.30.0.jar:/Users/sunerasunilaka/.m2/repository/com/google/api/grpc/proto-google-iam-v1/0.13.0/proto-google-iam-v1-0.13.0.jar:/Users/sunerasunilaka/.m2/repository/com/google/protobuf/protobuf-java/3.12.2/protobuf-java-3.12.2.jar:/Users/sunerasunilaka/.m2/repository/com/google/protobuf/protobuf-java-util/3.12.2/protobuf-java-util-3.12.2.jar:/Users/sunerasunilaka/.m2/repository/org/threeten/threetenbp/1.4.4/threetenbp-1.4.4.jar:/Users/sunerasunilaka/.m2/repository/com/google/cloud/google-cloud-firestore/1.35.0/google-cloud-firestore-1.35.0.jar:/Users/sunerasunilaka/.m2/repository/com/google/cloud/google-cloud-core-grpc/1.93.6/google-cloud-core-grpc-1.93.6.jar:/Users/sunerasunilaka/.m2/repository/io/grpc/grpc-core/1.30.0/grpc-core-1.30.0.jar:/Users/sunerasunilaka/.m2/repository/com/google/android/annotations/4.1.1.4/annotations-4.1.1.4.jar:/Users/sunerasunilaka/.m2/repository/io/perfmark/perfmark-api/0.19.0/perfmark-api-0.19.0.jar:/Users/sunerasunilaka/.m2/repository/commons-logging/commons-logging/1.2/commons-logging-1.2.jar:/Users/sunerasunilaka/.m2/repository/commons-codec/commons-codec/1.15/commons-codec-1.15.jar:/Users/sunerasunilaka/.m2/repository/com/google/api/grpc/proto-google-cloud-firestore-admin-v1/1.35.0/proto-google-cloud-firestore-admin-v1-1.35.0.jar:/Users/sunerasunilaka/.m2/repository/com/google/api/grpc/proto-google-cloud-firestore-v1/1.35.0/proto-google-cloud-firestore-v1-1.35.0.jar:/Users/sunerasunilaka/.m2/repository/com/google/api/grpc/proto-google-cloud-firestore-v1beta1/0.88.0/proto-google-cloud-firestore-v1beta1-0.88.0.jar:/Users/sunerasunilaka/.m2/repository/io/opencensus/opencensus-contrib-grpc-util/0.24.0/opencensus-contrib-grpc-util-0.24.0.jar:/Users/sunerasunilaka/.m2/repository/io/grpc/grpc-protobuf/1.30.0/grpc-protobuf-1.30.0.jar:/Users/sunerasunilaka/.m2/repository/io/grpc/grpc-protobuf-lite/1.30.0/grpc-protobuf-lite-1.30.0.jar:/Users/sunerasunilaka/.m2/repository/org/codehaus/mojo/animal-sniffer-annotations/1.18/animal-sniffer-annotations-1.18.jar:/Users/sunerasunilaka/.m2/repository/io/grpc/grpc-api/1.30.0/grpc-api-1.30.0.jar:/Users/sunerasunilaka/.m2/repository/com/google/api/gax-grpc/1.57.0/gax-grpc-1.57.0.jar:/Users/sunerasunilaka/.m2/repository/io/grpc/grpc-auth/1.30.0/grpc-auth-1.30.0.jar:/Users/sunerasunilaka/.m2/repository/io/grpc/grpc-netty-shaded/1.30.0/grpc-netty-shaded-1.30.0.jar:/Users/sunerasunilaka/.m2/repository/io/grpc/grpc-alts/1.30.0/grpc-alts-1.30.0.jar:/Users/sunerasunilaka/.m2/repository/io/grpc/grpc-grpclb/1.30.0/grpc-grpclb-1.30.0.jar:/Users/sunerasunilaka/.m2/repository/org/apache/commons/commons-lang3/3.12.0/commons-lang3-3.12.0.jar:/Users/sunerasunilaka/.m2/repository/org/conscrypt/conscrypt-openjdk-uber/2.2.1/conscrypt-openjdk-uber-2.2.1.jar:/Users/sunerasunilaka/.m2/repository/io/grpc/grpc-stub/1.30.0/grpc-stub-1.30.0.jar:/Users/sunerasunilaka/.m2/repository/com/google/guava/guava/29.0-android/guava-29.0-android.jar:/Users/sunerasunilaka/.m2/repository/org/slf4j/slf4j-api/1.7.32/slf4j-api-1.7.32.jar:/Users/sunerasunilaka/.m2/repository/io/netty/netty-codec-http/4.1.70.Final/netty-codec-http-4.1.70.Final.jar:/Users/sunerasunilaka/.m2/repository/io/netty/netty-common/4.1.70.Final/netty-common-4.1.70.Final.jar:/Users/sunerasunilaka/.m2/repository/io/netty/netty-buffer/4.1.70.Final/netty-buffer-4.1.70.Final.jar:/Users/sunerasunilaka/.m2/repository/io/netty/netty-codec/4.1.70.Final/netty-codec-4.1.70.Final.jar:/Users/sunerasunilaka/.m2/repository/io/netty/netty-handler/4.1.70.Final/netty-handler-4.1.70.Final.jar:/Users/sunerasunilaka/.m2/repository/io/netty/netty-resolver/4.1.70.Final/netty-resolver-4.1.70.Final.jar:/Users/sunerasunilaka/.m2/repository/io/netty/netty-transport/4.1.70.Final/netty-transport-4.1.70.Final.jar:"/>
    <property name="sun.cpu.endian" value="little"/>
    <property name="user.home" value="/Users/sunerasunilaka"/>
    <property name="user.language" value="en"/>
    <property name="java.specification.vendor" value="Oracle Corporation"/>
    <property name="java.version.date" value="2021-07-20"/>
    <property name="java.home" value="/Library/Java/JavaVirtualMachines/jdk-11.0.12.jdk/Contents/Home"/>
    <property name="file.separator" value="/"/>
    <property name="basedir" value="/Users/sunerasunilaka/NetBeansProjects/Pets paradise backend"/>
    <property name="java.vm.compressedOopsMode" value="Zero based"/>
    <property name="line.separator" value="&#10;"/>
    <property name="java.specification.name" value="Java Platform API Specification"/>
    <property name="java.vm.specification.vendor" value="Oracle Corporation"/>
    <property name="java.awt.graphicsenv" value="sun.awt.CGraphicsEnvironment"/>
    <property name="surefire.real.class.path" value="/Users/sunerasunilaka/NetBeansProjects/Pets paradise backend/target/surefire/surefirebooter16067536000941316469.jar"/>
    <property name="sun.management.compiler" value="HotSpot 64-Bit Tiered Compilers"/>
    <property name="ftp.nonProxyHosts" value="local|*.local|169.254/16|*.169.254/16"/>
    <property name="java.runtime.version" value="11.0.12+8-LTS-237"/>
    <property name="user.name" value="sunerasunilaka"/>
    <property name="path.separator" value=":"/>
    <property name="os.version" value="11.2"/>
    <property name="java.runtime.name" value="Java(TM) SE Runtime Environment"/>
    <property name="file.encoding" value="UTF-8"/>
    <property name="java.vm.name" value="Java HotSpot(TM) 64-Bit Server VM"/>
    <property name="java.vendor.version" value="18.9"/>
    <property name="maven.ext.class.path" value="/Applications/NetBeans/Apache NetBeans 12.6.app/Contents/Resources/NetBeans/netbeans/java/maven-nblib/netbeans-eventspy.jar"/>
    <property name="localRepository" value="/Users/sunerasunilaka/.m2/repository"/>
    <property name="java.vendor.url.bug" value="https://bugreport.java.com/bugreport/"/>
    <property name="java.io.tmpdir" value="/var/folders/8d/93pbzt1x5sl2ms35gx7qyw3w0000gn/T/"/>
    <property name="java.version" value="11.0.12"/>
    <property name="user.dir" value="/Users/sunerasunilaka/NetBeansProjects/Pets paradise backend"/>
    <property name="os.arch" value="x86_64"/>
    <property name="java.vm.specification.name" value="Java Virtual Machine Specification"/>
    <property name="java.awt.printerjob" value="sun.lwawt.macosx.CPrinterJob"/>
    <property name="sun.os.patch.level" value="unknown"/>
    <property name="java.library.path" value="/Users/sunerasunilaka/Library/Java/Extensions:/Library/Java/Extensions:/Network/Library/Java/Extensions:/System/Library/Java/Extensions:/usr/lib/java:."/>
    <property name="java.vendor" value="Oracle Corporation"/>
    <property name="java.vm.info" value="mixed mode"/>
    <property name="java.vm.version" value="11.0.12+8-LTS-237"/>
    <property name="sun.io.unicode.encoding" value="UnicodeBig"/>
    <property name="java.class.version" value="55.0"/>
    <property name="socksNonProxyHosts" value="local|*.local|169.254/16|*.169.254/16"/>
  </properties>
  <testcase name="contextLoads" classname="com.petsparadise.PetsParadiseBackendApplicationTests" time="0.37"/>
</testsuite>